# JRE version: OpenJDK Runtime Environment Corretto-11.0.18.10.1 (11.0.18+10) (build 11.0.18+10-LTS)
# Java VM: OpenJDK 64-Bit Server VM Corretto-11.0.18.10.1 (11.0.18+10-LTS, mixed mode, tiered, compressed oops, g1 gc, linux-amd64)
Heap:
 garbage-first heap   total 152576K, used 14314K [0x0000000085600000, 0x0000000100000000)
  region size 1024K, 9 young (9216K), 8 survivors (8192K)
 Metaspace       used 35013K, capacity 36119K, committed 36144K, reserved 1081344K
  class space    used 4040K, capacity 4477K, committed 4480K, reserved 1048576K
GC Heap History (12 events):
Event: 0.554 GC heap before
{Heap before GC invocations=0 (full 0):
 garbage-first heap   total 126976K, used 14336K [0x0000000085600000, 0x0000000100000000)
  region size 1024K, 14 young (14336K), 0 survivors (0K)
 Metaspace       used 9763K, capacity 9920K, committed 10240K, reserved 1058816K
  class space    used 877K, capacity 920K, committed 1024K, reserved 1048576K
}
Event: 0.558 GC heap after
{Heap after GC invocations=1 (full 0):
 garbage-first heap   total 126976K, used 5926K [0x0000000085600000, 0x0000000100000000)
  region size 1024K, 2 young (2048K), 2 survivors (2048K)
 Metaspace       used 9763K, capacity 9920K, committed 10240K, reserved 1058816K
  class space    used 877K, capacity 920K, committed 1024K, reserved 1048576K
}
Event: 0.705 GC heap before
{Heap before GC invocations=1 (full 0):
 garbage-first heap   total 126976K, used 16166K [0x0000000085600000, 0x0000000100000000)
  region size 1024K, 12 young (12288K), 2 survivors (2048K)
 Metaspace       used 11683K, capacity 11862K, committed 12032K, reserved 1060864K
  class space    used 1108K, capacity 1186K, committed 1280K, reserved 1048576K
}
Event: 0.710 GC heap after
{Heap after GC invocations=2 (full 0):
 garbage-first heap   total 126976K, used 6497K [0x0000000085600000, 0x0000000100000000)
  region size 1024K, 1 young (1024K), 1 survivors (1024K)
 Metaspace       used 11683K, capacity 11862K, committed 12032K, reserved 1060864K
  class space    used 1108K, capacity 1186K, committed 1280K, reserved 1048576K
}
Event: 1.180 GC heap before
{Heap before GC invocations=2 (full 0):
 garbage-first heap   total 126976K, used 35169K [0x0000000085600000, 0x0000000100000000)
  region size 1024K, 29 young (29696K), 1 survivors (1024K)
 Metaspace       used 17381K, capacity 17769K, committed 17920K, reserved 1064960K
  class space    used 1830K, capacity 1997K, committed 2048K, reserved 1048576K
}
Event: 1.195 GC heap after
{Heap after GC invocations=3 (full 0):
 garbage-first heap   total 126976K, used 8332K [0x0000000085600000, 0x0000000100000000)
  region size 1024K, 3 young (3072K), 3 survivors (3072K)
 Metaspace       used 17381K, capacity 17769K, committed 17920K, reserved 1064960K
  class space    used 1830K, capacity 1997K, committed 2048K, reserved 1048576K
}
Event: 1.404 GC heap before
{Heap before GC invocations=3 (full 0):
 garbage-first heap   total 126976K, used 24716K [0x0000000085600000, 0x0000000100000000)
  region size 1024K, 20 young (20480K), 3 survivors (3072K)
 Metaspace       used 20670K, capacity 21168K, committed 21296K, reserved 1069056K
  class space    used 2209K, capacity 2430K, committed 2432K, reserved 1048576K
}
Event: 1.408 GC heap after
{Heap after GC invocations=4 (full 0):
 garbage-first heap   total 126976K, used 8782K [0x0000000085600000, 0x0000000100000000)
  region size 1024K, 3 young (3072K), 3 survivors (3072K)
 Metaspace       used 20670K, capacity 21168K, committed 21296K, reserved 1069056K
  class space    used 2209K, capacity 2430K, committed 2432K, reserved 1048576K
}
Event: 2.033 GC heap before
{Heap before GC invocations=5 (full 0):
 garbage-first heap   total 126976K, used 68174K [0x0000000085600000, 0x0000000100000000)
  region size 1024K, 61 young (62464K), 3 survivors (3072K)
 Metaspace       used 26831K, capacity 27532K, committed 27824K, reserved 1073152K
  class space    used 2954K, capacity 3203K, committed 3328K, reserved 1048576K
}
Event: 2.039 GC heap after
{Heap after GC invocations=6 (full 0):
 garbage-first heap   total 152576K, used 10930K [0x0000000085600000, 0x0000000100000000)
  region size 1024K, 5 young (5120K), 5 survivors (5120K)
 Metaspace       used 26831K, capacity 27532K, committed 27824K, reserved 1073152K
  class space    used 2954K, capacity 3203K, committed 3328K, reserved 1048576K
}
Event: 2.883 GC heap before
{Heap before GC invocations=6 (full 0):
 garbage-first heap   total 152576K, used 69298K [0x0000000085600000, 0x0000000100000000)
  region size 1024K, 63 young (64512K), 5 survivors (5120K)
 Metaspace       used 34758K, capacity 35799K, committed 35888K, reserved 1081344K
  class space    used 4009K, capacity 4413K, committed 4480K, reserved 1048576K
}
Event: 2.891 GC heap after
{Heap after GC invocations=7 (full 0):
 garbage-first heap   total 152576K, used 14314K [0x0000000085600000, 0x0000000100000000)
  region size 1024K, 8 young (8192K), 8 survivors (8192K)
 Metaspace       used 34758K, capacity 35799K, committed 35888K, reserved 1081344K
  class space    used 4009K, capacity 4413K, committed 4480K, reserved 1048576K
}

