# JRE version: OpenJDK Runtime Environment Corretto-11.0.18.10.1 (11.0.18+10) (build 11.0.18+10-LTS)
# Java VM: OpenJDK 64-Bit Server VM Corretto-11.0.18.10.1 (11.0.18+10-LTS, mixed mode, tiered, compressed oops, g1 gc, linux-amd64)
Heap:
 garbage-first heap   total 197632K, used 37804K [0x0000000085600000, 0x0000000100000000)
  region size 1024K, 31 young (31744K), 12 survivors (12288K)
 Metaspace       used 53875K, capacity 55218K, committed 55424K, reserved 1097728K
  class space    used 6636K, capacity 7190K, committed 7296K, reserved 1048576K
GC Heap History (14 events):
Event: 0.315 GC heap before
{Heap before GC invocations=0 (full 0):
 garbage-first heap   total 126976K, used 15360K [0x0000000085600000, 0x0000000100000000)
  region size 1024K, 14 young (14336K), 0 survivors (0K)
 Metaspace       used 9680K, capacity 9792K, committed 9984K, reserved 1058816K
  class space    used 871K, capacity 920K, committed 1024K, reserved 1048576K
}
Event: 0.320 GC heap after
{Heap after GC invocations=1 (full 0):
 garbage-first heap   total 126976K, used 6345K [0x0000000085600000, 0x0000000100000000)
  region size 1024K, 2 young (2048K), 2 survivors (2048K)
 Metaspace       used 9680K, capacity 9792K, committed 9984K, reserved 1058816K
  class space    used 871K, capacity 920K, committed 1024K, reserved 1048576K
}
Event: 0.414 GC heap before
{Heap before GC invocations=1 (full 0):
 garbage-first heap   total 126976K, used 14537K [0x0000000085600000, 0x0000000100000000)
  region size 1024K, 10 young (10240K), 2 survivors (2048K)
 Metaspace       used 11454K, capacity 11602K, committed 11904K, reserved 1060864K
  class space    used 1083K, capacity 1142K, committed 1152K, reserved 1048576K
}
Event: 0.419 GC heap after
{Heap after GC invocations=2 (full 0):
 garbage-first heap   total 126976K, used 6899K [0x0000000085600000, 0x0000000100000000)
  region size 1024K, 1 young (1024K), 1 survivors (1024K)
 Metaspace       used 11454K, capacity 11602K, committed 11904K, reserved 1060864K
  class space    used 1083K, capacity 1142K, committed 1152K, reserved 1048576K
}
Event: 0.810 GC heap before
{Heap before GC invocations=2 (full 0):
 garbage-first heap   total 126976K, used 33523K [0x0000000085600000, 0x0000000100000000)
  region size 1024K, 27 young (27648K), 1 survivors (1024K)
 Metaspace       used 16814K, capacity 17213K, committed 17280K, reserved 1064960K
  class space    used 1743K, capacity 1919K, committed 1920K, reserved 1048576K
}
Event: 0.833 GC heap after
{Heap after GC invocations=3 (full 0):
 garbage-first heap   total 126976K, used 8350K [0x0000000085600000, 0x0000000100000000)
  region size 1024K, 2 young (2048K), 2 survivors (2048K)
 Metaspace       used 16814K, capacity 17213K, committed 17280K, reserved 1064960K
  class space    used 1743K, capacity 1919K, committed 1920K, reserved 1048576K
}
Event: 1.040 GC heap before
{Heap before GC invocations=3 (full 0):
 garbage-first heap   total 126976K, used 31902K [0x0000000085600000, 0x0000000100000000)
  region size 1024K, 27 young (27648K), 2 survivors (2048K)
 Metaspace       used 20587K, capacity 21016K, committed 21248K, reserved 1069056K
  class space    used 2289K, capacity 2479K, committed 2560K, reserved 1048576K
}
Event: 1.048 GC heap after
{Heap after GC invocations=4 (full 0):
 garbage-first heap   total 126976K, used 9063K [0x0000000085600000, 0x0000000100000000)
  region size 1024K, 3 young (3072K), 3 survivors (3072K)
 Metaspace       used 20587K, capacity 21016K, committed 21248K, reserved 1069056K
  class space    used 2289K, capacity 2479K, committed 2560K, reserved 1048576K
}
Event: 1.474 GC heap before
{Heap before GC invocations=5 (full 0):
 garbage-first heap   total 126976K, used 58215K [0x0000000085600000, 0x0000000100000000)
  region size 1024K, 52 young (53248K), 3 survivors (3072K)
 Metaspace       used 27460K, capacity 28110K, committed 28544K, reserved 1075200K
  class space    used 3130K, capacity 3395K, committed 3456K, reserved 1048576K
}
Event: 1.489 GC heap after
{Heap after GC invocations=6 (full 0):
 garbage-first heap   total 197632K, used 11458K [0x0000000085600000, 0x0000000100000000)
  region size 1024K, 5 young (5120K), 5 survivors (5120K)
 Metaspace       used 27460K, capacity 28110K, committed 28544K, reserved 1075200K
  class space    used 3130K, capacity 3395K, committed 3456K, reserved 1048576K
}
Event: 2.332 GC heap before
{Heap before GC invocations=6 (full 0):
 garbage-first heap   total 197632K, used 89282K [0x0000000085600000, 0x0000000100000000)
  region size 1024K, 82 young (83968K), 5 survivors (5120K)
 Metaspace       used 34793K, capacity 35692K, committed 35840K, reserved 1081344K
  class space    used 4098K, capacity 4436K, committed 4480K, reserved 1048576K
}
Event: 2.341 GC heap after
{Heap after GC invocations=7 (full 0):
 garbage-first heap   total 197632K, used 14296K [0x0000000085600000, 0x0000000100000000)
  region size 1024K, 8 young (8192K), 8 survivors (8192K)
 Metaspace       used 34793K, capacity 35692K, committed 35840K, reserved 1081344K
  class space    used 4098K, capacity 4436K, committed 4480K, reserved 1048576K
}
Event: 3.480 GC heap before
{Heap before GC invocations=8 (full 0):
 garbage-first heap   total 197632K, used 112600K [0x0000000085600000, 0x0000000100000000)
  region size 1024K, 104 young (106496K), 8 survivors (8192K)
 Metaspace       used 50036K, capacity 51305K, committed 51584K, reserved 1093632K
  class space    used 6173K, capacity 6676K, committed 6784K, reserved 1048576K
}
Event: 3.508 GC heap after
{Heap after GC invocations=9 (full 0):
 garbage-first heap   total 197632K, used 20396K [0x0000000085600000, 0x0000000100000000)
  region size 1024K, 12 young (12288K), 12 survivors (12288K)
 Metaspace       used 50036K, capacity 51305K, committed 51584K, reserved 1093632K
  class space    used 6173K, capacity 6676K, committed 6784K, reserved 1048576K
}

